<?xml version="1.0" encoding="UTF-8"?>
<!-- Generated by org.testng.reporters.JUnitReportReporter -->
<testsuite hostname="Felipe-PC" failures="0" tests="8" name="cl.kibernumacademy.service.TareaManagerTest" time="0.039" errors="0" timestamp="2025-07-14T22:54:25 CLT" skipped="0">
  <testcase classname="cl.kibernumacademy.service.TareaManagerTest" name="testAgregarTarea" time="0.009"/>
  <testcase classname="cl.kibernumacademy.service.TareaManagerTest" name="testCambiarEstadoTarea" time="0.000"/>
  <testcase classname="cl.kibernumacademy.service.TareaManagerTest" name="testCompletarTareaInexistente" time="0.000"/>
  <testcase classname="cl.kibernumacademy.service.TareaManagerTest" name="testFiltrarPorEstado" time="0.007"/>
  <testcase classname="cl.kibernumacademy.service.TareaManagerTest" name="testFiltrarPorEstado" time="0.009"/>
  <testcase classname="cl.kibernumacademy.service.TareaManagerTest" name="testCambiarEstadoTarea" time="0.003"/>
  <testcase classname="cl.kibernumacademy.service.TareaManagerTest" name="testCompletarTareaInexistente" time="0.002"/>
  <testcase classname="cl.kibernumacademy.service.TareaManagerTest" name="testAgregarTarea" time="0.009"/>
</testsuite> <!-- cl.kibernumacademy.service.TareaManagerTest -->
